{"uuid": "da76d827-3556-464a-b27b-280455a23453", "children": ["c2db0bac-9caf-4192-8f09-f059f842a80e"], "befores": [{"name": "login_user", "status": "broken", "statusDetails": {"message": "selenium.common.exceptions.ElementClickInterceptedException: Message: Element <button class=\"button_button__33qZ0 button_button_type_primary__1O7Bx button_button_size_medium__3zxIa\"> is not clickable at point (636,549) because another element <div class=\"Modal_modal_overlay__x2ZCr\"> obscures it\nStacktrace:\nRemoteError@chrome://remote/content/shared/RemoteError.sys.mjs:8:8\nWebDriverError@chrome://remote/content/shared/webdriver/Errors.sys.mjs:193:5\nElementClickInterceptedError@chrome://remote/content/shared/webdriver/Errors.sys.mjs:337:5\nwebdriverClickElement@chrome://remote/content/marionette/interaction.sys.mjs:176:11\ninteraction.clickElement@chrome://remote/content/marionette/interaction.sys.mjs:135:11\nclickElement@chrome://remote/content/marionette/actors/MarionetteCommandsChild.sys.mjs:204:29\nreceiveMessage@chrome://remote/content/marionette/actors/MarionetteCommandsChild.sys.mjs:84:31\n\n", "trace": "  File \"C:\\Users\\Margarita\\PycharmProjects\\Diplom_Margarita_Burnysheva_6\\Diplom_3\\.venv\\Lib\\site-packages\\pluggy\\_callers.py\", line 167, in _multicall\n    teardown.throw(outcome._exception)\n  File \"C:\\Users\\Margarita\\PycharmProjects\\Diplom_Margarita_Burnysheva_6\\Diplom_3\\.venv\\Lib\\site-packages\\_pytest\\setuponly.py\", line 36, in pytest_fixture_setup\n    return (yield)\n            ^^^^^\n  File \"C:\\Users\\Margarita\\PycharmProjects\\Diplom_Margarita_Burnysheva_6\\Diplom_3\\.venv\\Lib\\site-packages\\pluggy\\_callers.py\", line 103, in _multicall\n    res = hook_impl.function(*args)\n          ^^^^^^^^^^^^^^^^^^^^^^^^^\n  File \"C:\\Users\\Margarita\\PycharmProjects\\Diplom_Margarita_Burnysheva_6\\Diplom_3\\.venv\\Lib\\site-packages\\_pytest\\fixtures.py\", line 1132, in pytest_fixture_setup\n    result = call_fixture_func(fixturefunc, request, kwargs)\n             ^^^^^^^^^^^^^^^^^^^^^^^^^^^^^^^^^^^^^^^^^^^^^^^\n  File \"C:\\Users\\Margarita\\PycharmProjects\\Diplom_Margarita_Burnysheva_6\\Diplom_3\\.venv\\Lib\\site-packages\\_pytest\\fixtures.py\", line 913, in call_fixture_func\n    fixture_result = fixturefunc(**kwargs)\n                     ^^^^^^^^^^^^^^^^^^^^^\n  File \"C:\\Users\\Margarita\\PycharmProjects\\Diplom_Margarita_Burnysheva_6\\Diplom_3\\conftest.py\", line 39, in login_user\n    login_page.user_login(user)\n  File \"C:\\Users\\Margarita\\PycharmProjects\\Diplom_Margarita_Burnysheva_6\\Diplom_3\\.venv\\Lib\\site-packages\\allure_commons\\_allure.py\", line 192, in impl\n    return func(*a, **kw)\n           ^^^^^^^^^^^^^^\n  File \"C:\\Users\\Margarita\\PycharmProjects\\Diplom_Margarita_Burnysheva_6\\Diplom_3\\pages\\login_page.py\", line 24, in user_login\n    self.click_to_element(LoginPageLocators.LOGIN_BUTTON_LOGIN_PAGE)\n  File \"C:\\Users\\Margarita\\PycharmProjects\\Diplom_Margarita_Burnysheva_6\\Diplom_3\\pages\\base_page.py\", line 18, in click_to_element\n    self.driver.find_element(*locator).click()\n  File \"C:\\Users\\Margarita\\PycharmProjects\\Diplom_Margarita_Burnysheva_6\\Diplom_3\\.venv\\Lib\\site-packages\\selenium\\webdriver\\remote\\webelement.py\", line 94, in click\n    self._execute(Command.CLICK_ELEMENT)\n  File \"C:\\Users\\Margarita\\PycharmProjects\\Diplom_Margarita_Burnysheva_6\\Diplom_3\\.venv\\Lib\\site-packages\\selenium\\webdriver\\remote\\webelement.py\", line 395, in _execute\n    return self._parent.execute(command, params)\n           ^^^^^^^^^^^^^^^^^^^^^^^^^^^^^^^^^^^^^\n  File \"C:\\Users\\Margarita\\PycharmProjects\\Diplom_Margarita_Burnysheva_6\\Diplom_3\\.venv\\Lib\\site-packages\\selenium\\webdriver\\remote\\webdriver.py\", line 347, in execute\n    self.error_handler.check_response(response)\n  File \"C:\\Users\\Margarita\\PycharmProjects\\Diplom_Margarita_Burnysheva_6\\Diplom_3\\.venv\\Lib\\site-packages\\selenium\\webdriver\\remote\\errorhandler.py\", line 229, in check_response\n    raise exception_class(message, screen, stacktrace)\n"}, "steps": [{"name": "Логин пользователя\"", "status": "broken", "statusDetails": {"message": "selenium.common.exceptions.ElementClickInterceptedException: Message: Element <button class=\"button_button__33qZ0 button_button_type_primary__1O7Bx button_button_size_medium__3zxIa\"> is not clickable at point (636,549) because another element <div class=\"Modal_modal_overlay__x2ZCr\"> obscures it\nStacktrace:\nRemoteError@chrome://remote/content/shared/RemoteError.sys.mjs:8:8\nWebDriverError@chrome://remote/content/shared/webdriver/Errors.sys.mjs:193:5\nElementClickInterceptedError@chrome://remote/content/shared/webdriver/Errors.sys.mjs:337:5\nwebdriverClickElement@chrome://remote/content/marionette/interaction.sys.mjs:176:11\ninteraction.clickElement@chrome://remote/content/marionette/interaction.sys.mjs:135:11\nclickElement@chrome://remote/content/marionette/actors/MarionetteCommandsChild.sys.mjs:204:29\nreceiveMessage@chrome://remote/content/marionette/actors/MarionetteCommandsChild.sys.mjs:84:31\n\n", "trace": "  File \"C:\\Users\\Margarita\\PycharmProjects\\Diplom_Margarita_Burnysheva_6\\Diplom_3\\.venv\\Lib\\site-packages\\allure_commons\\_allure.py\", line 192, in impl\n    return func(*a, **kw)\n           ^^^^^^^^^^^^^^\n  File \"C:\\Users\\Margarita\\PycharmProjects\\Diplom_Margarita_Burnysheva_6\\Diplom_3\\pages\\login_page.py\", line 24, in user_login\n    self.click_to_element(LoginPageLocators.LOGIN_BUTTON_LOGIN_PAGE)\n  File \"C:\\Users\\Margarita\\PycharmProjects\\Diplom_Margarita_Burnysheva_6\\Diplom_3\\pages\\base_page.py\", line 18, in click_to_element\n    self.driver.find_element(*locator).click()\n  File \"C:\\Users\\Margarita\\PycharmProjects\\Diplom_Margarita_Burnysheva_6\\Diplom_3\\.venv\\Lib\\site-packages\\selenium\\webdriver\\remote\\webelement.py\", line 94, in click\n    self._execute(Command.CLICK_ELEMENT)\n  File \"C:\\Users\\Margarita\\PycharmProjects\\Diplom_Margarita_Burnysheva_6\\Diplom_3\\.venv\\Lib\\site-packages\\selenium\\webdriver\\remote\\webelement.py\", line 395, in _execute\n    return self._parent.execute(command, params)\n           ^^^^^^^^^^^^^^^^^^^^^^^^^^^^^^^^^^^^^\n  File \"C:\\Users\\Margarita\\PycharmProjects\\Diplom_Margarita_Burnysheva_6\\Diplom_3\\.venv\\Lib\\site-packages\\selenium\\webdriver\\remote\\webdriver.py\", line 347, in execute\n    self.error_handler.check_response(response)\n  File \"C:\\Users\\Margarita\\PycharmProjects\\Diplom_Margarita_Burnysheva_6\\Diplom_3\\.venv\\Lib\\site-packages\\selenium\\webdriver\\remote\\errorhandler.py\", line 229, in check_response\n    raise exception_class(message, screen, stacktrace)\n"}, "parameters": [{"name": "user_data", "value": "{'email': 'bmxrhergxb@yandex.ru', 'password': 'hmvwpwlaxs'}"}], "start": 1715095449380, "stop": 1715095450833}], "start": 1715095449380, "stop": 1715095450833}], "start": 1715095449380, "stop": 1715095450885}